This is pdfTeX, Version 3.14159265-2.6-1.40.20 (TeX Live 2019/Arch Linux) (preloaded format=pdflatex 2020.2.6)  10 FEB 2020 21:13
entering extended mode
 restricted \write18 enabled.
 %&-line parsing enabled.
**%

*
! Interruption.
<*> 
    
? 
(/usr/share/texmf-dist/tex/latex/tools/.tex
LaTeX2e <2019-10-01> patch level 1
File ignored)
(Please type a command or say `\end')
*
! Emergency stop.
<*> 
    
End of file on the terminal!

 
Here is how much of TeX's memory you used:
 5 strings out of 492167
 228 string characters out of 6131559
 59016 words of memory out of 5000000
 4468 multiletter control sequences out of 15000+600000
 3640 words of font info for 14 fonts, out of 8000000 for 9000
 1141 hyphenation exceptions out of 8191
 6i,0n,1p,80b,8s stack positions out of 5000i,500n,10000p,200000b,80000s
!  ==> Fatal error occurred, no output PDF file produced!
